PHPUnit 4.3.4 by Sebastian Bergmann.

Configuration read from /home/thibault/dev/silex-simpleuser/phpunit.xml.dist

........[31;1mE[0m[31;1mE[0m........[41;37mF[0m[41;37mF[0m.[41;37mF[0m[41;37mF[0m[31;1mE[0m[31;1mE[0m[31;1mE[0m[31;1mE[0m...............[41;37mF[0m.

Time: 636 ms, Memory: 24.25Mb

There were 6 errors:

1) SimpleUser\Tests\UserManagerTest::testDeleteUser
Undefined property: SimpleUser\Entity\UserRepository::$conn

/home/thibault/dev/silex-simpleuser/src/SimpleUser/Entity/UserRepository.php:414
/home/thibault/dev/silex-simpleuser/tests/SimpleUser/Tests/UserManagerTest.php:125

2) SimpleUser\Tests\UserManagerTest::testCustomFields
Doctrine\ORM\ORMException: Unrecognized field: customFields

/home/thibault/dev/silex-simpleuser/vendor/doctrine/orm/lib/Doctrine/ORM/ORMException.php:100
/home/thibault/dev/silex-simpleuser/vendor/doctrine/orm/lib/Doctrine/ORM/Persisters/BasicEntityPersister.php:1681
/home/thibault/dev/silex-simpleuser/vendor/doctrine/orm/lib/Doctrine/ORM/Persisters/BasicEntityPersister.php:1610
/home/thibault/dev/silex-simpleuser/vendor/doctrine/orm/lib/Doctrine/ORM/Persisters/BasicEntityPersister.php:1701
/home/thibault/dev/silex-simpleuser/vendor/doctrine/orm/lib/Doctrine/ORM/Persisters/BasicEntityPersister.php:1115
/home/thibault/dev/silex-simpleuser/vendor/doctrine/orm/lib/Doctrine/ORM/Persisters/BasicEntityPersister.php:746
/home/thibault/dev/silex-simpleuser/vendor/doctrine/orm/lib/Doctrine/ORM/EntityRepository.php:196
/home/thibault/dev/silex-simpleuser/tests/SimpleUser/Tests/UserManagerTest.php:142

3) SimpleUser\Tests\UserManagerTest::testBeforeInsertEvents
Undefined property: SimpleUser\Entity\User::$customFields

/home/thibault/dev/silex-simpleuser/src/SimpleUser/Entity/User.php:609
/home/thibault/dev/silex-simpleuser/tests/SimpleUser/Tests/UserManagerTest.php:355

4) SimpleUser\Tests\UserManagerTest::testAfterInsertEvents
Undefined property: SimpleUser\Entity\User::$customFields

/home/thibault/dev/silex-simpleuser/src/SimpleUser/Entity/User.php:609
/home/thibault/dev/silex-simpleuser/tests/SimpleUser/Tests/UserManagerTest.php:374

5) SimpleUser\Tests\UserManagerTest::testBeforeUpdateEvents
Undefined property: SimpleUser\Entity\User::$customFields

/home/thibault/dev/silex-simpleuser/src/SimpleUser/Entity/User.php:609
/home/thibault/dev/silex-simpleuser/tests/SimpleUser/Tests/UserManagerTest.php:395

6) SimpleUser\Tests\UserManagerTest::testAfterUpdateEvents
Undefined property: SimpleUser\Entity\User::$customFields

/home/thibault/dev/silex-simpleuser/src/SimpleUser/Entity/User.php:609
/home/thibault/dev/silex-simpleuser/tests/SimpleUser/Tests/UserManagerTest.php:415

--

There were 5 failures:

1) SimpleUser\Tests\UserManagerTest::testFindAndCount
Failed asserting that '2' matches expected 1.

/home/thibault/dev/silex-simpleuser/tests/SimpleUser/Tests/UserManagerTest.php:270

2) SimpleUser\Tests\UserManagerTest::testCustomUserClass
Failed asserting that SimpleUser\Entity\User Object (...) is an instance of class "SimpleUser\Tests\CustomUser".

/home/thibault/dev/silex-simpleuser/tests/SimpleUser/Tests/UserManagerTest.php:287

3) SimpleUser\Tests\UserManagerTest::testSupportsSubClass
Failed asserting that false is true.

/home/thibault/dev/silex-simpleuser/tests/SimpleUser/Tests/UserManagerTest.php:330

4) SimpleUser\Tests\UserManagerTest::testValidationWhenUsernameIsRequired
Failed asserting that an array is empty.

/home/thibault/dev/silex-simpleuser/tests/SimpleUser/Tests/UserManagerTest.php:343

5) SimpleUser\Tests\UserTest::testUserIsEnabledByDefault
Failed asserting that '1' is true.

/home/thibault/dev/silex-simpleuser/tests/SimpleUser/Tests/UserTest.php:89
[37;41m                                                  [0m
[37;41mFAILURES!                                         [0m
[37;41mTests: 44, Assertions: 63, Failures: 5, Errors: 6.[0m
